<?xml version="1.0" encoding="UTF-8"?>
<testsuite name="WordCountTest" tests="6" skipped="0" failures="0" errors="0" timestamp="2016-12-06T11:34:58" hostname="GBOXF-0R021" time="0.009">
  <properties/>
  <testcase name="normalizeCase" classname="WordCountTest" time="0.008"/>
  <testcase name="countOneOfEach" classname="WordCountTest" time="0.0"/>
  <testcase name="countOneWord" classname="WordCountTest" time="0.0"/>
  <testcase name="countMultipleOccurences" classname="WordCountTest" time="0.001"/>
  <testcase name="includeNumbers" classname="WordCountTest" time="0.0"/>
  <testcase name="ignorePunctuation" classname="WordCountTest" time="0.0"/>
  <system-out><![CDATA[]]></system-out>
  <system-err><![CDATA[]]></system-err>
</testsuite>
