<?xml version="1.0" encoding="UTF-8"?>
<testsuite name="PangramTest" tests="10" skipped="0" failures="0" errors="0" timestamp="2016-12-08T13:45:48" hostname="GBOXF-0R021" time="0.017">
  <properties/>
  <testcase name="anotherMissingCharacterX" classname="PangramTest" time="0.005"/>
  <testcase name="missingLettersReplacedByNumbers" classname="PangramTest" time="0.001"/>
  <testcase name="pangramWithMixedCaseAndPunctuation" classname="PangramTest" time="0.0"/>
  <testcase name="pangramWithOnlyLowerCase" classname="PangramTest" time="0.0"/>
  <testcase name="pangramWithNumbers" classname="PangramTest" time="0.0"/>
  <testcase name="pangramWithUnderscores" classname="PangramTest" time="0.001"/>
  <testcase name="panagramInAlphabetOtherThanAscii" classname="PangramTest" time="0.009"/>
  <testcase name="sentenceEmpty" classname="PangramTest" time="0.0"/>
  <testcase name="pangramWithNonAsciiCharacters" classname="PangramTest" time="0.0"/>
  <testcase name="missingCharacterX" classname="PangramTest" time="0.0"/>
  <system-out><![CDATA[]]></system-out>
  <system-err><![CDATA[]]></system-err>
</testsuite>
