<?xml version="1.0" encoding="UTF-8"?>
<testsuite name="AnagramTest" tests="10" skipped="0" failures="0" errors="0" timestamp="2016-12-09T14:24:28" hostname="GBOXF-0R021" time="0.072">
  <properties/>
  <testcase name="testEliminateAnagramSubsets" classname="AnagramTest" time="0.064"/>
  <testcase name="testAnagramsAreCaseInsensitive" classname="AnagramTest" time="0.001"/>
  <testcase name="testDetectAnagrams" classname="AnagramTest" time="0.001"/>
  <testcase name="testIdenticalWordIsNotAnagram" classname="AnagramTest" time="0.002"/>
  <testcase name="testSimpleAnagram" classname="AnagramTest" time="0.0"/>
  <testcase name="testMultipleAnagrams" classname="AnagramTest" time="0.0"/>
  <testcase name="testDetectMultipleAnagrams" classname="AnagramTest" time="0.0"/>
  <testcase name="testDoesNotConfuseDifferentDuplicates" classname="AnagramTest" time="0.0"/>
  <testcase name="testNoMatches" classname="AnagramTest" time="0.001"/>
  <testcase name="testEliminateAnagramsWithSameChecksum" classname="AnagramTest" time="0.0"/>
  <system-out><![CDATA[]]></system-out>
  <system-err><![CDATA[]]></system-err>
</testsuite>
